{"sessionId":"e7fd92","runId":"pre-fix","hypothesisId":"H_pendingNextStaysAfterShowRoute","location":"RouteCommands:handleShowRoute","message":"show route called; pendingNextId snapshot","timestamp":1773853072768,"data":{"pendingNextId":null,"currentIndex":0,"isFinished":false}}
{"sessionId":"e7fd92","runId":"pre-fix","hypothesisId":"H_precondition_next_sets_pending","location":"RouteCommands:handleNext","message":"next sets pendingNextId","timestamp":1773853072793,"data":{"pendingNextId":"LiftA","currentIndex":0,"routeFinished":false}}
{"sessionId":"e7fd92","runId":"pre-fix","hypothesisId":"H_precondition_next_sets_pending","location":"RouteCommands:handleNext","message":"next sets pendingNextId","timestamp":1773853072794,"data":{"pendingNextId":"Piste1","currentIndex":1,"routeFinished":false}}
{"sessionId":"e7fd92","runId":"pre-fix","hypothesisId":"H_precondition_next_sets_pending","location":"RouteCommands:handleNext","message":"next sets pendingNextId","timestamp":1773853072803,"data":{"pendingNextId":"LiftB","currentIndex":2,"routeFinished":false}}
{"sessionId":"e7fd92","runId":"pre-fix","hypothesisId":"H_precondition_next_sets_pending","location":"RouteCommands:handleNext","message":"next sets pendingNextId","timestamp":1773853072803,"data":{"pendingNextId":"Piste3","currentIndex":3,"routeFinished":false}}
{"sessionId":"e7fd92","runId":"pre-fix","hypothesisId":"H_precondition_next_sets_pending","location":"RouteCommands:handleNext","message":"next sets pendingNextId","timestamp":1773853072803,"data":{"pendingNextId":"LiftA","currentIndex":4,"routeFinished":false}}
{"sessionId":"e7fd92","runId":"pre-fix","hypothesisId":"H_precondition_next_sets_pending","location":"RouteCommands:handleNext","message":"next sets pendingNextId","timestamp":1773853072803,"data":{"pendingNextId":"Piste1","currentIndex":5,"routeFinished":false}}
{"sessionId":"e7fd92","runId":"pre-fix","hypothesisId":"H_precondition_next_sets_pending","location":"RouteCommands:handleNext","message":"next sets pendingNextId","timestamp":1773853072803,"data":{"pendingNextId":"LiftB","currentIndex":6,"routeFinished":false}}
{"sessionId":"e7fd92","runId":"pre-fix","hypothesisId":"H_precondition_next_sets_pending","location":"RouteCommands:handleNext","message":"next sets pendingNextId","timestamp":1773853072803,"data":{"pendingNextId":"Piste3","currentIndex":7,"routeFinished":false}}
{"sessionId":"e7fd92","runId":"pre-fix","hypothesisId":"H_pendingNextStaysAfterShowRoute","location":"RouteCommands:handleShowRoute","message":"show route called; pendingNextId snapshot","timestamp":1773853072810,"data":{"pendingNextId":null,"currentIndex":0,"isFinished":false}}
{"sessionId":"e7fd92","runId":"pre-fix","hypothesisId":"H_precondition_next_sets_pending","location":"RouteCommands:handleNext","message":"next sets pendingNextId","timestamp":1773853072811,"data":{"pendingNextId":"LiftA","currentIndex":0,"routeFinished":false}}
{"sessionId":"e7fd92","runId":"pre-fix","hypothesisId":"H_precondition_next_sets_pending","location":"RouteCommands:handleNext","message":"next sets pendingNextId","timestamp":1773853072811,"data":{"pendingNextId":"Piste1","currentIndex":1,"routeFinished":false}}
{"sessionId":"e7fd92","runId":"pre-fix","hypothesisId":"H_precondition_next_sets_pending","location":"RouteCommands:handleNext","message":"next sets pendingNextId","timestamp":1773853072812,"data":{"pendingNextId":"LiftB","currentIndex":2,"routeFinished":false}}
{"sessionId":"e7fd92","runId":"pre-fix","hypothesisId":"H_precondition_next_sets_pending","location":"RouteCommands:handleNext","message":"next sets pendingNextId","timestamp":1773853072813,"data":{"pendingNextId":"Piste3","currentIndex":3,"routeFinished":false}}
{"sessionId":"e7fd92","runId":"pre-fix","hypothesisId":"H_precondition_next_sets_pending","location":"RouteCommands:handleNext","message":"next sets pendingNextId","timestamp":1773853072813,"data":{"pendingNextId":"LiftA","currentIndex":4,"routeFinished":false}}
{"sessionId":"e7fd92","runId":"pre-fix","hypothesisId":"H_precondition_next_sets_pending","location":"RouteCommands:handleNext","message":"next sets pendingNextId","timestamp":1773853072813,"data":{"pendingNextId":"Piste1","currentIndex":5,"routeFinished":false}}
{"sessionId":"e7fd92","runId":"pre-fix","hypothesisId":"H_precondition_next_sets_pending","location":"RouteCommands:handleNext","message":"next sets pendingNextId","timestamp":1773853072813,"data":{"pendingNextId":"LiftB","currentIndex":6,"routeFinished":false}}
{"sessionId":"e7fd92","runId":"pre-fix","hypothesisId":"H_precondition_next_sets_pending","location":"RouteCommands:handleNext","message":"next sets pendingNextId","timestamp":1773853072813,"data":{"pendingNextId":"Piste3","currentIndex":7,"routeFinished":false}}
{"sessionId":"e7fd92","runId":"pre-fix","hypothesisId":"H_alternative_runs_with_pendingAfterShowRoute","location":"RouteCommands:handleAlternative","message":"alternative precondition snapshot","timestamp":1773853072821,"data":{"pendingNextId":"Piste3","nextNodeId":"Piste3","currentNodeId":"LiftB","currentIndex":7,"currentTime":831,"planEndTime":930}}
{"sessionId":"e7fd92","runId":"pre-fix","hypothesisId":"H_pendingNextStaysAfterShowRoute","location":"RouteCommands:handleShowRoute","message":"show route called; pendingNextId snapshot","timestamp":1773853072821,"data":{"pendingNextId":null,"currentIndex":7,"isFinished":false}}
{"sessionId":"e7fd92","runId":"pre-fix","hypothesisId":"H_precondition_next_sets_pending","location":"RouteCommands:handleNext","message":"next sets pendingNextId","timestamp":1773853072825,"data":{"pendingNextId":"Piste2","currentIndex":7,"routeFinished":false}}
{"sessionId":"e7fd92","runId":"pre-fix","hypothesisId":"H_precondition_next_sets_pending","location":"RouteCommands:handleNext","message":"next sets pendingNextId","timestamp":1773853072825,"data":{"pendingNextId":"LiftB","currentIndex":8,"routeFinished":false}}
{"sessionId":"e7fd92","runId":"pre-fix","hypothesisId":"H_precondition_next_sets_pending","location":"RouteCommands:handleNext","message":"next sets pendingNextId","timestamp":1773853072826,"data":{"pendingNextId":"Piste2","currentIndex":9,"routeFinished":false}}
{"sessionId":"e7fd92","runId":"pre-fix","hypothesisId":"H_precondition_next_sets_pending","location":"RouteCommands:handleNext","message":"next sets pendingNextId","timestamp":1773853072826,"data":{"pendingNextId":"LiftB","currentIndex":10,"routeFinished":false}}
{"sessionId":"e7fd92","runId":"pre-fix","hypothesisId":"H_precondition_next_sets_pending","location":"RouteCommands:handleNext","message":"next sets pendingNextId","timestamp":1773853072827,"data":{"pendingNextId":"Piste2","currentIndex":11,"routeFinished":false}}
{"sessionId":"e7fd92","runId":"pre-fix","hypothesisId":"H_precondition_next_sets_pending","location":"RouteCommands:handleNext","message":"next sets pendingNextId","timestamp":1773853072827,"data":{"pendingNextId":"LiftB","currentIndex":12,"routeFinished":false}}
{"sessionId":"e7fd92","runId":"pre-fix","hypothesisId":"H_precondition_next_sets_pending","location":"RouteCommands:handleNext","message":"next sets pendingNextId","timestamp":1773853072828,"data":{"pendingNextId":"Piste3","currentIndex":13,"routeFinished":false}}
{"sessionId":"e7fd92","runId":"pre-fix","hypothesisId":"H_precondition_next_sets_pending","location":"RouteCommands:handleNext","message":"next sets pendingNextId","timestamp":1773853072828,"data":{"pendingNextId":"LiftA","currentIndex":14,"routeFinished":false}}
{"sessionId":"e7fd92","runId":"pre-fix","hypothesisId":"H_precondition_next_sets_pending","location":"RouteCommands:handleNext","message":"next sets pendingNextId","timestamp":1773853072829,"data":{"pendingNextId":"Piste1","currentIndex":15,"routeFinished":false}}
{"sessionId":"e7fd92","runId":"pre-fix","hypothesisId":"H_precondition_next_sets_pending","location":"RouteCommands:handleNext","message":"next sets pendingNextId","timestamp":1773853072829,"data":{"pendingNextId":"LiftB","currentIndex":16,"routeFinished":false}}
{"sessionId":"e7fd92","runId":"pre-fix","hypothesisId":"H_pendingNextStaysAfterShowRoute","location":"RouteCommands:handleShowRoute","message":"show route called; pendingNextId snapshot","timestamp":1773853182116,"data":{"pendingNextId":null,"currentIndex":0,"isFinished":false}}
{"sessionId":"e7fd92","runId":"pre-fix","hypothesisId":"H_precondition_next_sets_pending","location":"RouteCommands:handleNext","message":"next sets pendingNextId","timestamp":1773853182141,"data":{"pendingNextId":"LiftA","currentIndex":0,"routeFinished":false}}
{"sessionId":"e7fd92","runId":"pre-fix","hypothesisId":"H_precondition_next_sets_pending","location":"RouteCommands:handleNext","message":"next sets pendingNextId","timestamp":1773853182141,"data":{"pendingNextId":"LiftA","currentIndex":0,"routeFinished":false}}
{"sessionId":"e7fd92","runId":"pre-fix","hypothesisId":"H_precondition_next_sets_pending","location":"RouteCommands:handleNext","message":"next sets pendingNextId","timestamp":1773853182141,"data":{"pendingNextId":"Piste1","currentIndex":1,"routeFinished":false}}
{"sessionId":"e7fd92","runId":"pre-fix","hypothesisId":"H_precondition_next_sets_pending","location":"RouteCommands:handleNext","message":"next sets pendingNextId","timestamp":1773853182141,"data":{"pendingNextId":"Piste1","currentIndex":1,"routeFinished":false}}
{"sessionId":"e7fd92","runId":"pre-fix","hypothesisId":"H_alternative_runs_with_pendingAfterShowRoute","location":"RouteCommands:handleAlternative","message":"alternative precondition snapshot","timestamp":1773853182149,"data":{"pendingNextId":"Piste1","nextNodeId":"Piste1","currentNodeId":"LiftA","currentIndex":1,"currentTime":780,"planEndTime":860}}
{"sessionId":"e7fd92","runId":"pre-fix","hypothesisId":"H_precondition_next_sets_pending","location":"RouteCommands:handleNext","message":"next sets pendingNextId","timestamp":1773853182149,"data":{"pendingNextId":"Piste1","currentIndex":1,"routeFinished":false}}
{"sessionId":"e7fd92","runId":"pre-fix","hypothesisId":"H_precondition_next_sets_pending","location":"RouteCommands:handleNext","message":"next sets pendingNextId","timestamp":1773853182149,"data":{"pendingNextId":"LiftB","currentIndex":2,"routeFinished":false}}
{"sessionId":"e7fd92","runId":"pre-fix","hypothesisId":"H_pendingNextStaysAfterShowRoute","location":"RouteCommands:handleShowRoute","message":"show route called; pendingNextId snapshot","timestamp":1773853182149,"data":{"pendingNextId":null,"currentIndex":3,"isFinished":false}}
{"sessionId":"e7fd92","runId":"pre-fix","hypothesisId":"H_precondition_next_sets_pending","location":"RouteCommands:handleNext","message":"next sets pendingNextId","timestamp":1773853182149,"data":{"pendingNextId":"Piste3","currentIndex":3,"routeFinished":false}}
{"sessionId":"e7fd92","runId":"pre-fix","hypothesisId":"H_alternative_runs_with_pendingAfterShowRoute","location":"RouteCommands:handleAlternative","message":"alternative precondition snapshot","timestamp":1773853182149,"data":{"pendingNextId":"Piste3","nextNodeId":"Piste3","currentNodeId":"LiftB","currentIndex":3,"currentTime":794,"planEndTime":860}}
{"sessionId":"e7fd92","runId":"pre-fix","hypothesisId":"H_precondition_next_sets_pending","location":"RouteCommands:handleNext","message":"next sets pendingNextId","timestamp":1773853182149,"data":{"pendingNextId":"Piste2","currentIndex":3,"routeFinished":false}}
{"sessionId":"e7fd92","runId":"pre-fix","hypothesisId":"H_pendingNextStaysAfterShowRoute","location":"RouteCommands:handleShowRoute","message":"show route called; pendingNextId snapshot","timestamp":1773853182157,"data":{"pendingNextId":null,"currentIndex":3,"isFinished":false}}
